<?xml version="1.0" encoding="UTF-8"?>
<robot generator="Robot 7.2.2 (Python 3.13.2 on win32)" generated="2025-03-01T13:03:02.237145" rpa="false" schemaversion="5">
<suite id="s1" name="Search" source="F:\Data\bootcamp\sanber-mobile-64\suites\search.robot">
<test id="s1-t1" name="User Should Be Able To Search Flight Number" line="10">
<kw name="Run Keywords" owner="BuiltIn" type="SETUP">
<kw name="Open Flight Application" owner="base">
<kw name="Open Application" owner="AppiumLibrary">
<arg>remote_url=${REMOTE_URL}</arg>
<arg>platformName=${PLATFORM_NAME}</arg>
<arg>platformVersion=${PLATFORM_VERSION}</arg>
<arg>deviceName=${DEVICE_NAME}</arg>
<arg>appPackage=${APP_PACKAGE}</arg>
<arg>appActivity=${APP_ACTIVITY}</arg>
<arg>automationName=${AUTOMATION_NAME}</arg>
<doc>Opens a new application to given Appium server.
Capabilities of appium server, Android and iOS,
Please check https://appium.io/docs/en/2.1/cli/args/
| *Option*            | *Man.* | *Description*     |
| remote_url          | Yes    | Appium server url |
| alias               | no     | alias             |
| strict_ssl          | No     | allows you to send commands to an invalid certificate host like a self-signed one. |</doc>
<status status="PASS" start="2025-03-01T13:03:02.382455" elapsed="4.403388"/>
</kw>
<status status="PASS" start="2025-03-01T13:03:02.382319" elapsed="4.403631"/>
</kw>
<arg>Open Flight Application</arg>
<doc>Executes all the given keywords in a sequence.</doc>
<status status="PASS" start="2025-03-01T13:03:02.382146" elapsed="4.403839"/>
</kw>
<kw name="Click Sign In Button On Home Screen" owner="homePage">
<kw name="Click Element" owner="AppiumLibrary">
<msg time="2025-03-01T13:03:06.787594" level="INFO">Clicking element '//android.widget.Button[@resource-id="com.example.myapplication:id/login"]'.</msg>
<msg time="2025-03-01T13:03:07.565129" level="INFO">xpath criteria: //android.widget.Button[@resource-id="com.example.myapplication:id/login"]</msg>
<arg>locator=${sign_in_login_button}</arg>
<doc>Click element identified by `locator`.</doc>
<status status="PASS" start="2025-03-01T13:03:06.786490" elapsed="0.778713"/>
</kw>
<status status="PASS" start="2025-03-01T13:03:06.786274" elapsed="0.779001"/>
</kw>
<kw name="Verify Sign In Screen Appears" owner="loginPage">
<kw name="Wait Until Element Is Visible" owner="AppiumLibrary">
<msg time="2025-03-01T13:03:08.150520" level="INFO">xpath criteria: //android.widget.EditText[@resource-id="com.example.myapplication:id/username"]
xpath criteria: //android.widget.EditText[@resource-id="com.example.myapplication:id/username"]</msg>
<arg>locator=${username_input}</arg>
<doc>Waits until element specified with `locator` is visible.</doc>
<status status="PASS" start="2025-03-01T13:03:07.565683" elapsed="0.584904"/>
</kw>
<status status="PASS" start="2025-03-01T13:03:07.565490" elapsed="0.585155"/>
</kw>
<kw name="Input Username" owner="loginPage">
<kw name="Input Text" owner="AppiumLibrary">
<msg time="2025-03-01T13:03:08.152167" level="INFO">Typing text 'support@ngendigital.com' into text field '//android.widget.EditText[@resource-id="com.example.myapplication:id/username"]'</msg>
<msg time="2025-03-01T13:03:08.193795" level="INFO">xpath criteria: //android.widget.EditText[@resource-id="com.example.myapplication:id/username"]</msg>
<arg>locator=${username_input}</arg>
<arg>text=${username}</arg>
<doc>Types the given `text` into text field identified by `locator`.</doc>
<status status="PASS" start="2025-03-01T13:03:08.151122" elapsed="0.042731"/>
</kw>
<arg>username=${VALID_USERNAME}</arg>
<status status="PASS" start="2025-03-01T13:03:08.150867" elapsed="0.043038"/>
</kw>
<kw name="Input Password" owner="loginPage">
<kw name="Input Text" owner="AppiumLibrary">
<msg time="2025-03-01T13:03:08.195286" level="INFO">Typing text 'abc123' into text field '//android.widget.EditText[@resource-id="com.example.myapplication:id/password"]'</msg>
<msg time="2025-03-01T13:03:08.702147" level="INFO">xpath criteria: //android.widget.EditText[@resource-id="com.example.myapplication:id/password"]</msg>
<arg>locator=${password_input}</arg>
<arg>text=${password}</arg>
<doc>Types the given `text` into text field identified by `locator`.</doc>
<status status="PASS" start="2025-03-01T13:03:08.194423" elapsed="0.507789"/>
</kw>
<arg>password=${VALID_PASSWORD}</arg>
<status status="PASS" start="2025-03-01T13:03:08.194130" elapsed="0.508142"/>
</kw>
<kw name="Click Sign In Button" owner="loginPage">
<kw name="Click Element" owner="AppiumLibrary">
<msg time="2025-03-01T13:03:08.703725" level="INFO">Clicking element '//android.widget.Button[@resource-id="com.example.myapplication:id/signIn"]'.</msg>
<msg time="2025-03-01T13:03:09.266753" level="INFO">xpath criteria: //android.widget.Button[@resource-id="com.example.myapplication:id/signIn"]</msg>
<arg>locator=${sign_in_button}</arg>
<doc>Click element identified by `locator`.</doc>
<status status="PASS" start="2025-03-01T13:03:08.702693" elapsed="0.564122"/>
</kw>
<status status="PASS" start="2025-03-01T13:03:08.702497" elapsed="0.564370"/>
</kw>
<kw name="Verify Username Apprears" owner="homePage">
<kw name="Wait Until Element Is Visible" owner="AppiumLibrary">
<msg time="2025-03-01T13:03:09.828751" level="INFO">xpath criteria: //android.widget.TextView[@resource-id="com.example.myapplication:id/textView"]</msg>
<arg>locator=//android.widget.TextView[@resource-id="com.example.myapplication:id/textView"]</arg>
<doc>Waits until element specified with `locator` is visible.</doc>
<status status="PASS" start="2025-03-01T13:03:09.267286" elapsed="0.561536"/>
</kw>
<status status="PASS" start="2025-03-01T13:03:09.267089" elapsed="0.561791"/>
</kw>
<kw name="Verify Book Button Apprears" owner="homePage">
<kw name="Wait Until Element Is Visible" owner="AppiumLibrary">
<msg time="2025-03-01T13:03:09.861855" level="INFO">xpath criteria: //android.widget.Button[@resource-id="com.example.myapplication:id/book"]</msg>
<arg>locator=//android.widget.Button[@resource-id="com.example.myapplication:id/book"]</arg>
<doc>Waits until element specified with `locator` is visible.</doc>
<status status="PASS" start="2025-03-01T13:03:09.829290" elapsed="0.032623"/>
</kw>
<status status="PASS" start="2025-03-01T13:03:09.829097" elapsed="0.032865"/>
</kw>
<kw name="Verify Search Button Apprears" owner="homePage">
<kw name="Wait Until Element Is Visible" owner="AppiumLibrary">
<msg time="2025-03-01T13:03:09.898398" level="INFO">xpath criteria: //android.widget.Button[@resource-id="com.example.myapplication:id/search_flight"]</msg>
<arg>locator=//android.widget.Button[@resource-id="com.example.myapplication:id/search_flight"]</arg>
<doc>Waits until element specified with `locator` is visible.</doc>
<status status="PASS" start="2025-03-01T13:03:09.862368" elapsed="0.036092"/>
</kw>
<status status="PASS" start="2025-03-01T13:03:09.862178" elapsed="0.036338"/>
</kw>
<kw name="Verify Check In Button Appears" owner="homePage">
<kw name="Wait Until Element Is Visible" owner="AppiumLibrary">
<msg time="2025-03-01T13:03:09.933420" level="INFO">xpath criteria: //android.widget.Button[@resource-id="com.example.myapplication:id/button6"]</msg>
<arg>locator=//android.widget.Button[@resource-id="com.example.myapplication:id/button6"]</arg>
<doc>Waits until element specified with `locator` is visible.</doc>
<status status="PASS" start="2025-03-01T13:03:09.898988" elapsed="0.034494"/>
</kw>
<status status="PASS" start="2025-03-01T13:03:09.898830" elapsed="0.034712"/>
</kw>
<kw name="Click Search Button" owner="homePage">
<kw name="Click Element" owner="AppiumLibrary">
<msg time="2025-03-01T13:03:09.934825" level="INFO">Clicking element '//android.widget.Button[@resource-id="com.example.myapplication:id/search_flight"]'.</msg>
<msg time="2025-03-01T13:03:09.999094" level="INFO">xpath criteria: //android.widget.Button[@resource-id="com.example.myapplication:id/search_flight"]</msg>
<arg>locator=//android.widget.Button[@resource-id="com.example.myapplication:id/search_flight"]</arg>
<doc>Click element identified by `locator`.</doc>
<status status="PASS" start="2025-03-01T13:03:09.933990" elapsed="0.065159"/>
</kw>
<status status="PASS" start="2025-03-01T13:03:09.933800" elapsed="0.065495"/>
</kw>
<kw name="Verify Enter flight Number Appears" owner="homePage">
<kw name="Wait Until Element Is Visible" owner="AppiumLibrary">
<msg time="2025-03-01T13:03:10.712196" level="INFO">xpath criteria: //android.widget.TextView[@resource-id="com.example.myapplication:id/enterFlight"]
xpath criteria: //android.widget.TextView[@resource-id="com.example.myapplication:id/enterFlight"]</msg>
<arg>locator=//android.widget.TextView[@resource-id="com.example.myapplication:id/enterFlight"]</arg>
<doc>Waits until element specified with `locator` is visible.</doc>
<status status="PASS" start="2025-03-01T13:03:09.999724" elapsed="0.712539"/>
</kw>
<status status="PASS" start="2025-03-01T13:03:09.999509" elapsed="0.712818"/>
</kw>
<kw name="Input Flight Number" owner="homePage">
<kw name="Input Text" owner="AppiumLibrary">
<msg time="2025-03-01T13:03:10.713473" level="INFO">Typing text 'DA935' into text field '//android.widget.EditText[@resource-id="com.example.myapplication:id/flight_number"]'</msg>
<msg time="2025-03-01T13:03:10.755845" level="INFO">xpath criteria: //android.widget.EditText[@resource-id="com.example.myapplication:id/flight_number"]</msg>
<arg>locator=${flight_number_input}</arg>
<arg>text=${flight_number}</arg>
<doc>Types the given `text` into text field identified by `locator`.</doc>
<status status="PASS" start="2025-03-01T13:03:10.712773" elapsed="0.043140"/>
</kw>
<arg>flight_number=${VALID_FLIGHT_NUMBER}</arg>
<status status="PASS" start="2025-03-01T13:03:10.712552" elapsed="0.043430"/>
</kw>
<kw name="Verify Message Icon Appears" owner="homePage">
<kw name="Wait Until Element Is Visible" owner="AppiumLibrary">
<msg time="2025-03-01T13:03:11.280244" level="INFO">xpath criteria: //android.widget.ImageButton[@resource-id="com.example.myapplication:id/fab"]</msg>
<arg>locator=//android.widget.ImageButton[@resource-id="com.example.myapplication:id/fab"]</arg>
<doc>Waits until element specified with `locator` is visible.</doc>
<status status="PASS" start="2025-03-01T13:03:10.756368" elapsed="0.523939"/>
</kw>
<status status="PASS" start="2025-03-01T13:03:10.756190" elapsed="0.524174"/>
</kw>
<kw name="Click Search Flight Number" owner="homePage">
<kw name="Click Element" owner="AppiumLibrary">
<msg time="2025-03-01T13:03:11.281634" level="INFO">Clicking element '//android.widget.Button[@resource-id="com.example.myapplication:id/searchFlight"]'.</msg>
<msg time="2025-03-01T13:03:11.349399" level="INFO">xpath criteria: //android.widget.Button[@resource-id="com.example.myapplication:id/searchFlight"]</msg>
<arg>locator=//android.widget.Button[@resource-id="com.example.myapplication:id/searchFlight"]</arg>
<doc>Click element identified by `locator`.</doc>
<status status="PASS" start="2025-03-01T13:03:11.280798" elapsed="0.068655"/>
</kw>
<status status="PASS" start="2025-03-01T13:03:11.280599" elapsed="0.068906"/>
</kw>
<kw name="Verify Destination Appears" owner="homePage">
<kw name="Wait Until Element Is Visible" owner="AppiumLibrary">
<msg time="2025-03-01T13:03:11.911171" level="INFO">xpath criteria: //android.widget.TextView[@text="Toronto to Paris"]
xpath criteria: //android.widget.TextView[@text="Toronto to Paris"]</msg>
<arg>locator=//android.widget.TextView[@text="Toronto to Paris"]</arg>
<doc>Waits until element specified with `locator` is visible.</doc>
<status status="PASS" start="2025-03-01T13:03:11.349912" elapsed="0.561326"/>
</kw>
<status status="PASS" start="2025-03-01T13:03:11.349733" elapsed="0.561563"/>
</kw>
<kw name="Verify Terminal Appears" owner="homePage">
<kw name="Wait Until Element Is Visible" owner="AppiumLibrary">
<msg time="2025-03-01T13:03:11.940595" level="INFO">xpath criteria: //android.widget.TextView[@text="Terminal"]</msg>
<arg>locator=//android.widget.TextView[@text="Terminal"]</arg>
<doc>Waits until element specified with `locator` is visible.</doc>
<status status="PASS" start="2025-03-01T13:03:11.911678" elapsed="0.028977"/>
</kw>
<status status="PASS" start="2025-03-01T13:03:11.911506" elapsed="0.029205"/>
</kw>
<kw name="Verify Schedule Appears" owner="homePage">
<kw name="Wait Until Element Is Visible" owner="AppiumLibrary">
<msg time="2025-03-01T13:03:11.967939" level="INFO">xpath criteria: //android.widget.TextView[@text="Schedule"]</msg>
<arg>locator=//android.widget.TextView[@text="Schedule"]</arg>
<doc>Waits until element specified with `locator` is visible.</doc>
<status status="PASS" start="2025-03-01T13:03:11.941216" elapsed="0.026778"/>
</kw>
<status status="PASS" start="2025-03-01T13:03:11.941041" elapsed="0.027002"/>
</kw>
<kw name="Verify Departed Appears" owner="homePage">
<kw name="Wait Until Element Is Visible" owner="AppiumLibrary">
<msg time="2025-03-01T13:03:11.997822" level="INFO">xpath criteria: //android.widget.TextView[@text="Departed"]</msg>
<arg>locator=//android.widget.TextView[@text="Departed"]</arg>
<doc>Waits until element specified with `locator` is visible.</doc>
<status status="PASS" start="2025-03-01T13:03:11.968355" elapsed="0.029528"/>
</kw>
<status status="PASS" start="2025-03-01T13:03:11.968213" elapsed="0.029726"/>
</kw>
<kw name="Verify Flight Number Appears" owner="homePage">
<kw name="Wait Until Element Is Visible" owner="AppiumLibrary">
<msg time="2025-03-01T13:03:12.026114" level="INFO">xpath criteria: //android.widget.TextView[@text="DA 935"]</msg>
<arg>locator=//android.widget.TextView[@text="DA 935"]</arg>
<doc>Waits until element specified with `locator` is visible.</doc>
<status status="PASS" start="2025-03-01T13:03:11.998392" elapsed="0.027800"/>
</kw>
<status status="PASS" start="2025-03-01T13:03:11.998171" elapsed="0.028090"/>
</kw>
<kw name="Verify Time Appears" owner="homePage">
<kw name="Wait Until Element Is Visible" owner="AppiumLibrary">
<msg time="2025-03-01T13:03:12.058650" level="INFO">xpath criteria: //android.widget.TextView[@text="17:00"]</msg>
<arg>locator=//android.widget.TextView[@text="17:00"]</arg>
<doc>Waits until element specified with `locator` is visible.</doc>
<status status="PASS" start="2025-03-01T13:03:12.026762" elapsed="0.031953"/>
</kw>
<status status="PASS" start="2025-03-01T13:03:12.026516" elapsed="0.032271"/>
</kw>
<kw name="Verify Arrival Status" owner="homePage">
<kw name="Wait Until Element Is Visible" owner="AppiumLibrary">
<msg time="2025-03-01T13:03:12.087268" level="INFO">xpath criteria: //android.widget.TextView[@text="On Time"]</msg>
<arg>locator=//android.widget.TextView[@text="On Time"]</arg>
<doc>Waits until element specified with `locator` is visible.</doc>
<status status="PASS" start="2025-03-01T13:03:12.059252" elapsed="0.028074"/>
</kw>
<status status="PASS" start="2025-03-01T13:03:12.059037" elapsed="0.028344"/>
</kw>
<kw name=" Close Flight Application" owner="base" type="TEARDOWN">
<kw name="Close Application" owner="AppiumLibrary">
<doc>Closes the current application and also close webdriver session.</doc>
<status status="PASS" start="2025-03-01T13:03:12.087933" elapsed="0.135727"/>
</kw>
<status status="PASS" start="2025-03-01T13:03:12.087695" elapsed="0.136064"/>
</kw>
<status status="PASS" start="2025-03-01T13:03:02.381501" elapsed="9.842403"/>
</test>
<status status="PASS" start="2025-03-01T13:03:02.238164" elapsed="9.986322"/>
</suite>
<statistics>
<total>
<stat pass="1" fail="0" skip="0">All Tests</stat>
</total>
<tag>
</tag>
<suite>
<stat name="Search" id="s1" pass="1" fail="0" skip="0">Search</stat>
</suite>
</statistics>
<errors>
</errors>
</robot>
